*** Starting uWSGI 2.0.15 (64bit) on [Fri Dec 29 18:06:28 2017] ***
compiled with version: 4.8.5 20150623 (Red Hat 4.8.5-4) on 29 December 2017 00:48:50
os: Linux-3.10.0-327.el7.x86_64 #1 SMP Thu Nov 19 22:10:57 UTC 2015
nodename: linuxbuilding
machine: x86_64
clock source: unix
pcre jit disabled
detected number of CPU cores: 2
current working directory: /root/jythink/JYthink/jythink/script
writing pidfile to /root/jythink/JYthink/jythink/script/uwsgi9090.pid    //pid文件，用于下面的脚本启动、停止该进程
open("/root/jythink/JYthink/jythink/script/uwsgi9090.pid    //pid文件，用于下面的脚本启动、停止该进程"): No such file or directory [core/utils.c line 3590]
*** Starting uWSGI 2.0.15 (64bit) on [Fri Dec 29 18:07:03 2017] ***
compiled with version: 4.8.5 20150623 (Red Hat 4.8.5-4) on 29 December 2017 00:48:50
os: Linux-3.10.0-327.el7.x86_64 #1 SMP Thu Nov 19 22:10:57 UTC 2015
nodename: linuxbuilding
machine: x86_64
clock source: unix
pcre jit disabled
detected number of CPU cores: 2
current working directory: /root/jythink/JYthink/jythink/script
writing pidfile to /root/jythink/JYthink/jythink/script/uwsgi9090.pid    //pid文件，用于下面的脚本启动、停止该进程
open("/root/jythink/JYthink/jythink/script/uwsgi9090.pid    //pid文件，用于下面的脚本启动、停止该进程"): No such file or directory [core/utils.c line 3590]
*** Starting uWSGI 2.0.15 (64bit) on [Fri Dec 29 18:10:23 2017] ***
compiled with version: 4.8.5 20150623 (Red Hat 4.8.5-4) on 29 December 2017 00:48:50
os: Linux-3.10.0-327.el7.x86_64 #1 SMP Thu Nov 19 22:10:57 UTC 2015
nodename: linuxbuilding
machine: x86_64
clock source: unix
pcre jit disabled
detected number of CPU cores: 2
current working directory: /root/jythink/JYthink/jythink/script
writing pidfile to /root/jythink/JYthink/jythink/script/uwsgi9090.pid    //pid文件，用于下面的脚本启动、停止该进程
open("/root/jythink/JYthink/jythink/script/uwsgi9090.pid    //pid文件，用于下面的脚本启动、停止该进程"): No such file or directory [core/utils.c line 3590]
*** Starting uWSGI 2.0.15 (64bit) on [Fri Dec 29 18:11:23 2017] ***
compiled with version: 4.8.5 20150623 (Red Hat 4.8.5-4) on 29 December 2017 00:48:50
os: Linux-3.10.0-327.el7.x86_64 #1 SMP Thu Nov 19 22:10:57 UTC 2015
nodename: linuxbuilding
machine: x86_64
clock source: unix
pcre jit disabled
detected number of CPU cores: 2
current working directory: /root/jythink/JYthink/jythink/script
writing pidfile to /root/jythink/JYthink/jythink/script/uwsgi9090.pid    //pid文件，用于下面的脚本启动、停止该进程
open("/root/jythink/JYthink/jythink/script/uwsgi9090.pid    //pid文件，用于下面的脚本启动、停止该进程"): No such file or directory [core/utils.c line 3590]
*** Starting uWSGI 2.0.15 (64bit) on [Fri Dec 29 18:12:30 2017] ***
compiled with version: 4.8.5 20150623 (Red Hat 4.8.5-4) on 29 December 2017 00:48:50
os: Linux-3.10.0-327.el7.x86_64 #1 SMP Thu Nov 19 22:10:57 UTC 2015
nodename: linuxbuilding
machine: x86_64
clock source: unix
pcre jit disabled
detected number of CPU cores: 2
current working directory: /root/jythink/JYthink/jythink/script
writing pidfile to /root/jythink/JYthink/jythink/script/uwsgi9090.pid    //pid文件，用于下面的脚本启动、停止该进程
open("/root/jythink/JYthink/jythink/script/uwsgi9090.pid    //pid文件，用于下面的脚本启动、停止该进程"): No such file or directory [core/utils.c line 3590]
*** Starting uWSGI 2.0.15 (64bit) on [Fri Dec 29 18:14:16 2017] ***
compiled with version: 4.8.5 20150623 (Red Hat 4.8.5-4) on 29 December 2017 00:48:50
os: Linux-3.10.0-327.el7.x86_64 #1 SMP Thu Nov 19 22:10:57 UTC 2015
nodename: linuxbuilding
machine: x86_64
clock source: unix
pcre jit disabled
detected number of CPU cores: 2
current working directory: /root/jythink/JYthink/jythink/script
writing pidfile to /root/jythink/JYthink/jythink/script/uwsgi9090.pid
detected binary path: /usr/bin/uwsgi
uWSGI running as root, you can use --uid/--gid/--chroot options
*** WARNING: you are running uWSGI as root !!! (use the --uid flag) *** 
chdir() to /root/jythink/JYthink/jythink/
your processes number limit is 7279
limiting address space of processes...
your process address space limit is 536870912 bytes (512 MB)
your memory page size is 4096 bytes
detected max file descriptor number: 1024
VirtualHosting mode enabled.
lock engine: pthread robust mutexes
thunder lock: disabled (you can enable it with --thunder-lock)
uWSGI http bound on 192.168.4.105:8080 fd 3
uwsgi socket 0 bound to UNIX address /root/jythink/JYthink/jythink/script/uwsgi.sock fd 6
Python version: 2.7.5 (default, Nov 20 2015, 02:00:19)  [GCC 4.8.5 20150623 (Red Hat 4.8.5-4)]
*** Python threads support is disabled. You can enable it with --enable-threads ***
Python main interpreter initialized at 0x1a171d0
your server socket listen backlog is limited to 100 connections
your mercy for graceful operations on workers is 60 seconds
mapped 296016 bytes (289 KB) for 2 cores
*** Operational MODE: preforking ***
Traceback (most recent call last):
  File "./jythink/wsgi.py", line 12, in <module>
    from django.core.wsgi import get_wsgi_application
ImportError: No module named django.core.wsgi
unable to load app 0 (mountpoint='') (callable not found or import error)
*** no app loaded. going in full dynamic mode ***
*** uWSGI is running in multiple interpreter mode ***
spawned uWSGI master process (pid: 26465)
spawned uWSGI worker 1 (pid: 26466, cores: 1)
spawned uWSGI worker 2 (pid: 26467, cores: 1)
spawned uWSGI http 1 (pid: 26468)
--- no python application found, check your startup logs for errors ---
192.168.4.105:8080 [pid: 26467|app: -1|req: -1/1] 10.8.1.58 () {40 vars in 703 bytes} [Fri Dec 29 18:14:29 2017] GET / => generated 21 bytes in 0 msecs (HTTP/1.1 500) 2 headers in 83 bytes (0 switches on core 0)
--- no python application found, check your startup logs for errors ---
192.168.4.105:8080 [pid: 26466|app: -1|req: -1/2] 10.8.1.58 () {42 vars in 708 bytes} [Fri Dec 29 18:14:29 2017] GET /favicon.ico => generated 21 bytes in 0 msecs (HTTP/1.1 500) 2 headers in 83 bytes (0 switches on core 0)
*** Starting uWSGI 2.0.15 (64bit) on [Fri Dec 29 18:17:31 2017] ***
compiled with version: 4.8.5 20150623 (Red Hat 4.8.5-4) on 29 December 2017 00:48:50
os: Linux-3.10.0-327.el7.x86_64 #1 SMP Thu Nov 19 22:10:57 UTC 2015
nodename: linuxbuilding
machine: x86_64
clock source: unix
pcre jit disabled
detected number of CPU cores: 2
current working directory: /root/jythink/JYthink
writing pidfile to /root/jythink/JYthink/script/uwsgi9090.pid
detected binary path: /usr/bin/uwsgi
uWSGI running as root, you can use --uid/--gid/--chroot options
*** WARNING: you are running uWSGI as root !!! (use the --uid flag) *** 
chdir() to /root/jythink/JYthink/jythink/
your processes number limit is 7279
limiting address space of processes...
your process address space limit is 536870912 bytes (512 MB)
your memory page size is 4096 bytes
detected max file descriptor number: 1024
VirtualHosting mode enabled.
lock engine: pthread robust mutexes
thunder lock: disabled (you can enable it with --thunder-lock)
probably another instance of uWSGI is running on the same address (192.168.4.105:8080).
bind(): Address already in use [core/socket.c line 769]
gateway "uWSGI http 1" has been buried (pid: 26468)
...brutally killing workers...
worker 1 buried after 0 seconds
worker 2 buried after 0 seconds
binary reloading uWSGI...
chdir() to /root/jythink/JYthink/jythink/script
uwsgi_reload()/chdir(): No such file or directory [core/master_utils.c line 431]
closing all non-uwsgi socket fds > 2 (max_fd = 1024)...
found fd 6 mapped to socket 0 (/root/jythink/JYthink/jythink/script/uwsgi.sock)
running /usr/bin/uwsgi
realpath() of uwsgi9090.ini failed: No such file or directory [core/utils.c line 3618]
*** Starting uWSGI 2.0.15 (64bit) on [Fri Dec 29 18:18:31 2017] ***
compiled with version: 4.8.5 20150623 (Red Hat 4.8.5-4) on 29 December 2017 00:48:50
os: Linux-3.10.0-327.el7.x86_64 #1 SMP Thu Nov 19 22:10:57 UTC 2015
nodename: linuxbuilding
machine: x86_64
clock source: unix
pcre jit disabled
detected number of CPU cores: 2
current working directory: /root/jythink/JYthink
writing pidfile to /root/jythink/JYthink/script/uwsgi9090.pid
detected binary path: /usr/bin/uwsgi
uWSGI running as root, you can use --uid/--gid/--chroot options
*** WARNING: you are running uWSGI as root !!! (use the --uid flag) *** 
chdir() to /root/jythink/JYthink/jythink/
your processes number limit is 7279
limiting address space of processes...
your process address space limit is 536870912 bytes (512 MB)
your memory page size is 4096 bytes
detected max file descriptor number: 1024
VirtualHosting mode enabled.
lock engine: pthread robust mutexes
thunder lock: disabled (you can enable it with --thunder-lock)
uWSGI http bound on 192.168.4.105:8080 fd 3
bind(): No such file or directory [core/socket.c line 230]
*** Starting uWSGI 2.0.15 (64bit) on [Fri Dec 29 18:19:58 2017] ***
compiled with version: 4.8.5 20150623 (Red Hat 4.8.5-4) on 29 December 2017 00:48:50
os: Linux-3.10.0-327.el7.x86_64 #1 SMP Thu Nov 19 22:10:57 UTC 2015
nodename: linuxbuilding
machine: x86_64
clock source: unix
pcre jit disabled
detected number of CPU cores: 2
current working directory: /root/jythink/JYthink
writing pidfile to /root/jythink/JYthink/script/uwsgi9090.pid
detected binary path: /usr/bin/uwsgi
uWSGI running as root, you can use --uid/--gid/--chroot options
*** WARNING: you are running uWSGI as root !!! (use the --uid flag) *** 
chdir() to /root/jythink/JYthink/jythink/
your processes number limit is 7279
limiting address space of processes...
your process address space limit is 536870912 bytes (512 MB)
your memory page size is 4096 bytes
detected max file descriptor number: 1024
VirtualHosting mode enabled.
lock engine: pthread robust mutexes
thunder lock: disabled (you can enable it with --thunder-lock)
uWSGI http bound on 192.168.4.105:8080 fd 3
uwsgi socket 0 bound to UNIX address /root/jythink/JYthink/script/uwsgi.sock fd 6
Python version: 2.7.5 (default, Nov 20 2015, 02:00:19)  [GCC 4.8.5 20150623 (Red Hat 4.8.5-4)]
*** Python threads support is disabled. You can enable it with --enable-threads ***
Python main interpreter initialized at 0x24451a0
your server socket listen backlog is limited to 100 connections
your mercy for graceful operations on workers is 60 seconds
mapped 296016 bytes (289 KB) for 2 cores
*** Operational MODE: preforking ***
Traceback (most recent call last):
  File "./jythink/wsgi.py", line 12, in <module>
    from django.core.wsgi import get_wsgi_application
ImportError: No module named django.core.wsgi
unable to load app 0 (mountpoint='') (callable not found or import error)
*** no app loaded. going in full dynamic mode ***
*** uWSGI is running in multiple interpreter mode ***
spawned uWSGI master process (pid: 26597)
spawned uWSGI worker 1 (pid: 26598, cores: 1)
spawned uWSGI worker 2 (pid: 26599, cores: 1)
spawned uWSGI http 1 (pid: 26600)
--- no python application found, check your startup logs for errors ---
192.168.4.105:8080 [pid: 26599|app: -1|req: -1/1] 10.8.1.58 () {40 vars in 702 bytes} [Fri Dec 29 18:20:06 2017] GET / => generated 21 bytes in 0 msecs (HTTP/1.1 500) 2 headers in 83 bytes (0 switches on core 0)
--- no python application found, check your startup logs for errors ---
192.168.4.105:8080 [pid: 26599|app: -1|req: -1/2] 10.8.1.58 () {42 vars in 707 bytes} [Fri Dec 29 18:20:07 2017] GET /favicon.ico => generated 21 bytes in 0 msecs (HTTP/1.1 500) 2 headers in 83 bytes (0 switches on core 0)
--- no python application found, check your startup logs for errors ---
192.168.4.105:8080 [pid: 26598|app: -1|req: -1/3] 10.8.1.58 () {40 vars in 702 bytes} [Fri Dec 29 18:20:10 2017] GET / => generated 21 bytes in 0 msecs (HTTP/1.1 500) 2 headers in 83 bytes (0 switches on core 0)
--- no python application found, check your startup logs for errors ---
192.168.4.105:8080 [pid: 26598|app: -1|req: -1/4] 10.8.1.58 () {42 vars in 707 bytes} [Fri Dec 29 18:20:10 2017] GET /favicon.ico => generated 21 bytes in 0 msecs (HTTP/1.1 500) 2 headers in 83 bytes (0 switches on core 0)
--- no python application found, check your startup logs for errors ---
192.168.4.105:8080 [pid: 26599|app: -1|req: -1/5] 10.8.1.58 () {40 vars in 702 bytes} [Fri Dec 29 18:20:11 2017] GET / => generated 21 bytes in 0 msecs (HTTP/1.1 500) 2 headers in 83 bytes (0 switches on core 0)
--- no python application found, check your startup logs for errors ---
192.168.4.105:8080 [pid: 26599|app: -1|req: -1/6] 10.8.1.58 () {42 vars in 707 bytes} [Fri Dec 29 18:20:11 2017] GET /favicon.ico => generated 21 bytes in 0 msecs (HTTP/1.1 500) 2 headers in 83 bytes (0 switches on core 0)
--- no python application found, check your startup logs for errors ---
192.168.4.105:8080 [pid: 26598|app: -1|req: -1/7] 10.8.1.58 () {40 vars in 703 bytes} [Fri Dec 29 18:22:57 2017] GET / => generated 21 bytes in 0 msecs (HTTP/1.1 500) 2 headers in 83 bytes (0 switches on core 0)
--- no python application found, check your startup logs for errors ---
192.168.4.105:8080 [pid: 26598|app: -1|req: -1/8] 10.8.1.58 () {42 vars in 708 bytes} [Fri Dec 29 18:22:57 2017] GET /favicon.ico => generated 21 bytes in 0 msecs (HTTP/1.1 500) 2 headers in 83 bytes (0 switches on core 0)
--- no python application found, check your startup logs for errors ---
192.168.4.105:8080 [pid: 26599|app: -1|req: -1/9] 10.8.1.58 () {38 vars in 672 bytes} [Fri Dec 29 18:26:09 2017] GET / => generated 21 bytes in 0 msecs (HTTP/1.1 500) 2 headers in 83 bytes (0 switches on core 0)
--- no python application found, check your startup logs for errors ---
192.168.4.105:8080 [pid: 26598|app: -1|req: -1/10] 10.8.1.58 () {38 vars in 655 bytes} [Fri Dec 29 18:26:09 2017] GET /favicon.ico => generated 21 bytes in 0 msecs (HTTP/1.1 500) 2 headers in 83 bytes (0 switches on core 0)
--- no python application found, check your startup logs for errors ---
192.168.4.105:8080 [pid: 26599|app: -1|req: -1/11] 10.8.1.58 () {40 vars in 703 bytes} [Fri Dec 29 18:26:18 2017] GET / => generated 21 bytes in 0 msecs (HTTP/1.1 500) 2 headers in 83 bytes (0 switches on core 0)
--- no python application found, check your startup logs for errors ---
192.168.4.105:8080 [pid: 26599|app: -1|req: -1/12] 10.8.1.58 () {42 vars in 708 bytes} [Fri Dec 29 18:26:18 2017] GET /favicon.ico => generated 21 bytes in 0 msecs (HTTP/1.1 500) 2 headers in 83 bytes (1 switches on core 0)
--- no python application found, check your startup logs for errors ---
192.168.4.105:8080 [pid: 26599|app: -1|req: -1/13] 10.8.1.58 () {40 vars in 703 bytes} [Fri Dec 29 18:26:20 2017] GET / => generated 21 bytes in 0 msecs (HTTP/1.1 500) 2 headers in 83 bytes (0 switches on core 0)
--- no python application found, check your startup logs for errors ---
192.168.4.105:8080 [pid: 26598|app: -1|req: -1/14] 10.8.1.58 () {42 vars in 708 bytes} [Fri Dec 29 18:26:20 2017] GET /favicon.ico => generated 21 bytes in 0 msecs (HTTP/1.1 500) 2 headers in 83 bytes (0 switches on core 0)
--- no python application found, check your startup logs for errors ---
192.168.4.105:8080 [pid: 26599|app: -1|req: -1/15] 10.8.1.58 () {40 vars in 703 bytes} [Fri Dec 29 18:26:21 2017] GET / => generated 21 bytes in 0 msecs (HTTP/1.1 500) 2 headers in 83 bytes (0 switches on core 0)
--- no python application found, check your startup logs for errors ---
192.168.4.105:8080 [pid: 26598|app: -1|req: -1/16] 10.8.1.58 () {42 vars in 708 bytes} [Fri Dec 29 18:26:21 2017] GET /favicon.ico => generated 21 bytes in 0 msecs (HTTP/1.1 500) 2 headers in 83 bytes (0 switches on core 0)
--- no python application found, check your startup logs for errors ---
192.168.4.105:8080 [pid: 26599|app: -1|req: -1/17] 10.8.1.58 () {40 vars in 703 bytes} [Fri Dec 29 18:27:37 2017] GET / => generated 21 bytes in 0 msecs (HTTP/1.1 500) 2 headers in 83 bytes (0 switches on core 0)
--- no python application found, check your startup logs for errors ---
192.168.4.105:8080 [pid: 26598|app: -1|req: -1/18] 10.8.1.58 () {42 vars in 708 bytes} [Fri Dec 29 18:27:38 2017] GET /favicon.ico => generated 21 bytes in 0 msecs (HTTP/1.1 500) 2 headers in 83 bytes (0 switches on core 0)
gateway "uWSGI http 1" has been buried (pid: 26600)
...brutally killing workers...
worker 1 buried after 0 seconds
worker 2 buried after 0 seconds
binary reloading uWSGI...
chdir() to /root/jythink/JYthink
closing all non-uwsgi socket fds > 2 (max_fd = 1024)...
found fd 6 mapped to socket 0 (/root/jythink/JYthink/script/uwsgi.sock)
running /usr/bin/uwsgi
[uWSGI] getting INI configuration from script/uwsgi9090.ini
*** Starting uWSGI 2.0.15 (64bit) on [Fri Dec 29 18:31:28 2017] ***
compiled with version: 4.8.5 20150623 (Red Hat 4.8.5-4) on 29 December 2017 00:48:50
os: Linux-3.10.0-327.el7.x86_64 #1 SMP Thu Nov 19 22:10:57 UTC 2015
nodename: linuxbuilding
machine: x86_64
clock source: unix
pcre jit disabled
detected number of CPU cores: 2
current working directory: /root/jythink/JYthink
detected binary path: /usr/bin/uwsgi
uWSGI running as root, you can use --uid/--gid/--chroot options
*** WARNING: you are running uWSGI as root !!! (use the --uid flag) *** 
chdir() to /root/jythink/JYthink/jythink/
your processes number limit is 7279
limiting address space of processes...
your process address space limit is 536870912 bytes (512 MB)
your memory page size is 4096 bytes
detected max file descriptor number: 1024
VirtualHosting mode enabled.
lock engine: pthread robust mutexes
thunder lock: disabled (you can enable it with --thunder-lock)
uWSGI http bound on 192.168.4.105:8080 fd 3
uwsgi socket 0 inherited UNIX address /root/jythink/JYthink/script/uwsgi.sock fd 6
Python version: 2.7.5 (default, Nov 20 2015, 02:00:19)  [GCC 4.8.5 20150623 (Red Hat 4.8.5-4)]
*** Python threads support is disabled. You can enable it with --enable-threads ***
Python main interpreter initialized at 0x2183070
your server socket listen backlog is limited to 100 connections
your mercy for graceful operations on workers is 60 seconds
mapped 296016 bytes (289 KB) for 2 cores
*** Operational MODE: preforking ***
Traceback (most recent call last):
  File "./jythink/wsgi.py", line 12, in <module>
    from django.core.wsgi import get_wsgi_application
ImportError: No module named django.core.wsgi
unable to load app 0 (mountpoint='') (callable not found or import error)
*** no app loaded. going in full dynamic mode ***
*** uWSGI is running in multiple interpreter mode ***
gracefully (RE)spawned uWSGI master process (pid: 26597)
spawned uWSGI worker 1 (pid: 26854, cores: 1)
spawned uWSGI worker 2 (pid: 26855, cores: 1)
spawned uWSGI http 1 (pid: 26856)
gateway "uWSGI http 1" has been buried (pid: 26856)
...brutally killing workers...
worker 1 buried after 0 seconds
worker 2 buried after 0 seconds
binary reloading uWSGI...
chdir() to /root/jythink/JYthink
closing all non-uwsgi socket fds > 2 (max_fd = 1024)...
found fd 6 mapped to socket 0 (/root/jythink/JYthink/script/uwsgi.sock)
running /usr/bin/uwsgi
[uWSGI] getting INI configuration from script/uwsgi9090.ini
*** Starting uWSGI 2.0.15 (64bit) on [Fri Dec 29 18:32:16 2017] ***
compiled with version: 4.8.5 20150623 (Red Hat 4.8.5-4) on 29 December 2017 00:48:50
os: Linux-3.10.0-327.el7.x86_64 #1 SMP Thu Nov 19 22:10:57 UTC 2015
nodename: linuxbuilding
machine: x86_64
clock source: unix
pcre jit disabled
detected number of CPU cores: 2
current working directory: /root/jythink/JYthink
detected binary path: /usr/bin/uwsgi
uWSGI running as root, you can use --uid/--gid/--chroot options
*** WARNING: you are running uWSGI as root !!! (use the --uid flag) *** 
chdir() to /root/jythink/JYthink/jythink/
your processes number limit is 7279
limiting address space of processes...
your process address space limit is 536870912 bytes (512 MB)
your memory page size is 4096 bytes
detected max file descriptor number: 1024
VirtualHosting mode enabled.
lock engine: pthread robust mutexes
thunder lock: disabled (you can enable it with --thunder-lock)
uWSGI http bound on 192.168.4.105:8080 fd 3
uwsgi socket 0 inherited UNIX address /root/jythink/JYthink/script/uwsgi.sock fd 6
Python version: 2.7.5 (default, Nov 20 2015, 02:00:19)  [GCC 4.8.5 20150623 (Red Hat 4.8.5-4)]
*** Python threads support is disabled. You can enable it with --enable-threads ***
Python main interpreter initialized at 0x154e070
your server socket listen backlog is limited to 100 connections
your mercy for graceful operations on workers is 60 seconds
mapped 296016 bytes (289 KB) for 2 cores
*** Operational MODE: preforking ***
Traceback (most recent call last):
  File "./jythink/wsgi.py", line 12, in <module>
    from django.core.wsgi import get_wsgi_application
ImportError: No module named django.core.wsgi
unable to load app 0 (mountpoint='') (callable not found or import error)
*** no app loaded. going in full dynamic mode ***
*** uWSGI is running in multiple interpreter mode ***
gracefully (RE)spawned uWSGI master process (pid: 26597)
spawned uWSGI worker 1 (pid: 26877, cores: 1)
spawned uWSGI worker 2 (pid: 26878, cores: 1)
spawned uWSGI http 1 (pid: 26879)
gateway "uWSGI http 1" has been buried (pid: 26879)
...brutally killing workers...
worker 1 buried after 0 seconds
worker 2 buried after 0 seconds
binary reloading uWSGI...
chdir() to /root/jythink/JYthink
closing all non-uwsgi socket fds > 2 (max_fd = 1024)...
found fd 6 mapped to socket 0 (/root/jythink/JYthink/script/uwsgi.sock)
running /usr/bin/uwsgi
[uWSGI] getting INI configuration from script/uwsgi9090.ini
*** Starting uWSGI 2.0.15 (64bit) on [Fri Dec 29 18:32:46 2017] ***
compiled with version: 4.8.5 20150623 (Red Hat 4.8.5-4) on 29 December 2017 00:48:50
os: Linux-3.10.0-327.el7.x86_64 #1 SMP Thu Nov 19 22:10:57 UTC 2015
nodename: linuxbuilding
machine: x86_64
clock source: unix
pcre jit disabled
detected number of CPU cores: 2
current working directory: /root/jythink/JYthink
detected binary path: /usr/bin/uwsgi
uWSGI running as root, you can use --uid/--gid/--chroot options
*** WARNING: you are running uWSGI as root !!! (use the --uid flag) *** 
chdir() to /root/jythink/JYthink/jythink/
your processes number limit is 7279
limiting address space of processes...
your process address space limit is 536870912 bytes (512 MB)
your memory page size is 4096 bytes
detected max file descriptor number: 1024
VirtualHosting mode enabled.
lock engine: pthread robust mutexes
thunder lock: disabled (you can enable it with --thunder-lock)
uWSGI http bound on 192.168.4.105:8080 fd 3
uwsgi socket 0 inherited UNIX address /root/jythink/JYthink/script/uwsgi.sock fd 6
Python version: 2.7.5 (default, Nov 20 2015, 02:00:19)  [GCC 4.8.5 20150623 (Red Hat 4.8.5-4)]
*** Python threads support is disabled. You can enable it with --enable-threads ***
Python main interpreter initialized at 0xb3e070
your server socket listen backlog is limited to 100 connections
your mercy for graceful operations on workers is 60 seconds
mapped 296016 bytes (289 KB) for 2 cores
*** Operational MODE: preforking ***
Traceback (most recent call last):
  File "./jythink/wsgi.py", line 12, in <module>
    from django.core.wsgi import get_wsgi_application
ImportError: No module named django.core.wsgi
unable to load app 0 (mountpoint='') (callable not found or import error)
*** no app loaded. going in full dynamic mode ***
*** uWSGI is running in multiple interpreter mode ***
gracefully (RE)spawned uWSGI master process (pid: 26597)
spawned uWSGI worker 1 (pid: 26891, cores: 1)
spawned uWSGI worker 2 (pid: 26892, cores: 1)
spawned uWSGI http 1 (pid: 26893)
*** Starting uWSGI 2.0.15 (64bit) on [Fri Dec 29 18:44:59 2017] ***
compiled with version: 4.8.5 20150623 (Red Hat 4.8.5-4) on 29 December 2017 00:48:50
os: Linux-3.10.0-327.el7.x86_64 #1 SMP Thu Nov 19 22:10:57 UTC 2015
nodename: linuxbuilding
machine: x86_64
clock source: unix
pcre jit disabled
detected number of CPU cores: 2
current working directory: /root/jythink/JYthink/script
writing pidfile to /root/jythink/JYthink/script/uwsgi9090.pid
detected binary path: /usr/bin/uwsgi
uWSGI running as root, you can use --uid/--gid/--chroot options
*** WARNING: you are running uWSGI as root !!! (use the --uid flag) *** 
chdir() to /root/jythink/JYthink/
your processes number limit is 7279
limiting address space of processes...
your process address space limit is 536870912 bytes (512 MB)
your memory page size is 4096 bytes
detected max file descriptor number: 1024
VirtualHosting mode enabled.
lock engine: pthread robust mutexes
thunder lock: disabled (you can enable it with --thunder-lock)
uWSGI http bound on 192.168.4.105:8080 fd 3
uwsgi socket 0 bound to UNIX address /root/jythink/JYthink/script/uwsgi.sock fd 6
Python version: 2.7.5 (default, Nov 20 2015, 02:00:19)  [GCC 4.8.5 20150623 (Red Hat 4.8.5-4)]
*** Python threads support is disabled. You can enable it with --enable-threads ***
Python main interpreter initialized at 0x19041a0
your server socket listen backlog is limited to 100 connections
your mercy for graceful operations on workers is 60 seconds
mapped 296016 bytes (289 KB) for 2 cores
*** Operational MODE: preforking ***
ImportError: No module named jythink.wsgi
unable to load app 0 (mountpoint='') (callable not found or import error)
*** no app loaded. going in full dynamic mode ***
*** uWSGI is running in multiple interpreter mode ***
spawned uWSGI master process (pid: 27218)
spawned uWSGI worker 1 (pid: 27219, cores: 1)
spawned uWSGI worker 2 (pid: 27220, cores: 1)
spawned uWSGI http 1 (pid: 27221)
--- no python application found, check your startup logs for errors ---
192.168.4.105:8080 [pid: 27219|app: -1|req: -1/1] 10.8.1.58 () {40 vars in 703 bytes} [Fri Dec 29 18:45:33 2017] GET / => generated 21 bytes in 0 msecs (HTTP/1.1 500) 2 headers in 83 bytes (0 switches on core 0)
*** Starting uWSGI 2.0.15 (64bit) on [Fri Dec 29 18:48:26 2017] ***
compiled with version: 4.8.5 20150623 (Red Hat 4.8.5-4) on 29 December 2017 00:48:50
os: Linux-3.10.0-327.el7.x86_64 #1 SMP Thu Nov 19 22:10:57 UTC 2015
nodename: linuxbuilding
machine: x86_64
clock source: unix
pcre jit disabled
detected number of CPU cores: 2
current working directory: /root/jythink/JYthink/script
writing pidfile to /root/jythink/JYthink/script/uwsgi9090.pid
detected binary path: /usr/bin/uwsgi
uWSGI running as root, you can use --uid/--gid/--chroot options
*** WARNING: you are running uWSGI as root !!! (use the --uid flag) *** 
chdir() to /root/jythink/JYthink/
your processes number limit is 7279
limiting address space of processes...
your process address space limit is 536870912 bytes (512 MB)
your memory page size is 4096 bytes
detected max file descriptor number: 1024
VirtualHosting mode enabled.
lock engine: pthread robust mutexes
thunder lock: disabled (you can enable it with --thunder-lock)
probably another instance of uWSGI is running on the same address (192.168.4.105:8080).
bind(): Address already in use [core/socket.c line 769]
gateway "uWSGI http 1" has been buried (pid: 27221)
...brutally killing workers...
worker 1 buried after 0 seconds
worker 2 buried after 0 seconds
binary reloading uWSGI...
chdir() to /root/jythink/JYthink/script
closing all non-uwsgi socket fds > 2 (max_fd = 1024)...
found fd 6 mapped to socket 0 (/root/jythink/JYthink/script/uwsgi.sock)
running /usr/bin/uwsgi
[uWSGI] getting INI configuration from uwsgi9090.ini
*** Starting uWSGI 2.0.15 (64bit) on [Fri Dec 29 18:48:56 2017] ***
compiled with version: 4.8.5 20150623 (Red Hat 4.8.5-4) on 29 December 2017 00:48:50
os: Linux-3.10.0-327.el7.x86_64 #1 SMP Thu Nov 19 22:10:57 UTC 2015
nodename: linuxbuilding
machine: x86_64
clock source: unix
pcre jit disabled
detected number of CPU cores: 2
current working directory: /root/jythink/JYthink/script
detected binary path: /usr/bin/uwsgi
uWSGI running as root, you can use --uid/--gid/--chroot options
*** WARNING: you are running uWSGI as root !!! (use the --uid flag) *** 
chdir() to /root/jythink/JYthink/
your processes number limit is 7279
limiting address space of processes...
your process address space limit is 536870912 bytes (512 MB)
your memory page size is 4096 bytes
detected max file descriptor number: 1024
VirtualHosting mode enabled.
lock engine: pthread robust mutexes
thunder lock: disabled (you can enable it with --thunder-lock)
uWSGI http bound on 192.168.4.105:8080 fd 3
uwsgi socket 0 inherited UNIX address /root/jythink/JYthink/script/uwsgi.sock fd 6
Python version: 2.7.5 (default, Nov 20 2015, 02:00:19)  [GCC 4.8.5 20150623 (Red Hat 4.8.5-4)]
*** Python threads support is disabled. You can enable it with --enable-threads ***
Python main interpreter initialized at 0xb6b070
your server socket listen backlog is limited to 100 connections
your mercy for graceful operations on workers is 60 seconds
mapped 296016 bytes (289 KB) for 2 cores
*** Operational MODE: preforking ***
ImportError: No module named jythink.wsgi
unable to load app 0 (mountpoint='') (callable not found or import error)
*** no app loaded. going in full dynamic mode ***
*** uWSGI is running in multiple interpreter mode ***
gracefully (RE)spawned uWSGI master process (pid: 27218)
spawned uWSGI worker 1 (pid: 27303, cores: 1)
spawned uWSGI worker 2 (pid: 27304, cores: 1)
spawned uWSGI http 1 (pid: 27305)
*** Starting uWSGI 2.0.15 (64bit) on [Fri Dec 29 18:50:25 2017] ***
compiled with version: 4.8.5 20150623 (Red Hat 4.8.5-4) on 29 December 2017 00:48:50
os: Linux-3.10.0-327.el7.x86_64 #1 SMP Thu Nov 19 22:10:57 UTC 2015
nodename: linuxbuilding
machine: x86_64
clock source: unix
pcre jit disabled
detected number of CPU cores: 2
current working directory: /root/jythink/JYthink/script
writing pidfile to /root/jythink/JYthink/script/uwsgi9090.pid
detected binary path: /usr/bin/uwsgi
uWSGI running as root, you can use --uid/--gid/--chroot options
*** WARNING: you are running uWSGI as root !!! (use the --uid flag) *** 
chdir() to /root/jythink/JYthink/
your processes number limit is 7279
limiting address space of processes...
your process address space limit is 536870912 bytes (512 MB)
your memory page size is 4096 bytes
detected max file descriptor number: 1024
VirtualHosting mode enabled.
lock engine: pthread robust mutexes
thunder lock: disabled (you can enable it with --thunder-lock)
uWSGI http bound on 192.168.4.105:8080 fd 3
uwsgi socket 0 bound to UNIX address /root/jythink/JYthink/script/uwsgi.sock fd 6
Python version: 2.7.5 (default, Nov 20 2015, 02:00:19)  [GCC 4.8.5 20150623 (Red Hat 4.8.5-4)]
*** Python threads support is disabled. You can enable it with --enable-threads ***
Python main interpreter initialized at 0x21241a0
your server socket listen backlog is limited to 100 connections
your mercy for graceful operations on workers is 60 seconds
mapped 296016 bytes (289 KB) for 2 cores
*** Operational MODE: preforking ***
ImportError: No module named jythink.wsgi
unable to load app 0 (mountpoint='') (callable not found or import error)
*** no app loaded. going in full dynamic mode ***
*** uWSGI is running in multiple interpreter mode ***
spawned uWSGI master process (pid: 27344)
spawned uWSGI worker 1 (pid: 27345, cores: 1)
spawned uWSGI worker 2 (pid: 27346, cores: 1)
spawned uWSGI http 1 (pid: 27347)
*** Starting uWSGI 2.0.15 (64bit) on [Fri Dec 29 18:52:41 2017] ***
compiled with version: 4.8.5 20150623 (Red Hat 4.8.5-4) on 29 December 2017 00:48:50
os: Linux-3.10.0-327.el7.x86_64 #1 SMP Thu Nov 19 22:10:57 UTC 2015
nodename: linuxbuilding
machine: x86_64
clock source: unix
pcre jit disabled
detected number of CPU cores: 2
current working directory: /root/jythink/JYthink
writing pidfile to /root/jythink/JYthink/script/uwsgi9090.pid
detected binary path: /usr/bin/uwsgi
uWSGI running as root, you can use --uid/--gid/--chroot options
*** WARNING: you are running uWSGI as root !!! (use the --uid flag) *** 
chdir() to /root/jythink/JYthink/
your processes number limit is 7279
limiting address space of processes...
your process address space limit is 536870912 bytes (512 MB)
your memory page size is 4096 bytes
detected max file descriptor number: 1024
VirtualHosting mode enabled.
lock engine: pthread robust mutexes
thunder lock: disabled (you can enable it with --thunder-lock)
uWSGI http bound on 192.168.4.105:8080 fd 3
uwsgi socket 0 bound to UNIX address /root/jythink/JYthink/script/uwsgi.sock fd 6
Python version: 2.7.5 (default, Nov 20 2015, 02:00:19)  [GCC 4.8.5 20150623 (Red Hat 4.8.5-4)]
*** Python threads support is disabled. You can enable it with --enable-threads ***
Python main interpreter initialized at 0x24af1a0
your server socket listen backlog is limited to 100 connections
your mercy for graceful operations on workers is 60 seconds
mapped 296016 bytes (289 KB) for 2 cores
*** Operational MODE: preforking ***
ImportError: No module named jythink.wsgi
unable to load app 0 (mountpoint='') (callable not found or import error)
*** no app loaded. going in full dynamic mode ***
*** uWSGI is running in multiple interpreter mode ***
spawned uWSGI master process (pid: 27398)
spawned uWSGI worker 1 (pid: 27399, cores: 1)
spawned uWSGI worker 2 (pid: 27400, cores: 1)
spawned uWSGI http 1 (pid: 27401)
--- no python application found, check your startup logs for errors ---
192.168.4.105:8080 [pid: 27400|app: -1|req: -1/1] 10.8.1.58 () {40 vars in 702 bytes} [Fri Dec 29 18:52:57 2017] GET / => generated 21 bytes in 0 msecs (HTTP/1.1 500) 2 headers in 83 bytes (0 switches on core 0)
gateway "uWSGI http 1" has been buried (pid: 27401)
...brutally killing workers...
worker 1 buried after 1 seconds
worker 2 buried after 1 seconds
binary reloading uWSGI...
chdir() to /root/jythink/JYthink
closing all non-uwsgi socket fds > 2 (max_fd = 1024)...
found fd 6 mapped to socket 0 (/root/jythink/JYthink/script/uwsgi.sock)
running /usr/bin/uwsgi
[uWSGI] getting INI configuration from script/uwsgi9090.ini
*** Starting uWSGI 2.0.15 (64bit) on [Fri Dec 29 18:55:09 2017] ***
compiled with version: 4.8.5 20150623 (Red Hat 4.8.5-4) on 29 December 2017 00:48:50
os: Linux-3.10.0-327.el7.x86_64 #1 SMP Thu Nov 19 22:10:57 UTC 2015
nodename: linuxbuilding
machine: x86_64
clock source: unix
pcre jit disabled
detected number of CPU cores: 2
current working directory: /root/jythink/JYthink
detected binary path: /usr/bin/uwsgi
uWSGI running as root, you can use --uid/--gid/--chroot options
*** WARNING: you are running uWSGI as root !!! (use the --uid flag) *** 
chdir() to /root/jythink/JYthink/
your processes number limit is 7279
limiting address space of processes...
your process address space limit is 536870912 bytes (512 MB)
your memory page size is 4096 bytes
detected max file descriptor number: 1024
VirtualHosting mode enabled.
lock engine: pthread robust mutexes
thunder lock: disabled (you can enable it with --thunder-lock)
uWSGI http bound on 192.168.4.105:8080 fd 3
uwsgi socket 0 inherited UNIX address /root/jythink/JYthink/script/uwsgi.sock fd 6
Python version: 2.7.5 (default, Nov 20 2015, 02:00:19)  [GCC 4.8.5 20150623 (Red Hat 4.8.5-4)]
*** Python threads support is disabled. You can enable it with --enable-threads ***
Python main interpreter initialized at 0x21eb070
your server socket listen backlog is limited to 100 connections
your mercy for graceful operations on workers is 60 seconds
mapped 296016 bytes (289 KB) for 2 cores
*** Operational MODE: preforking ***
ImportError: No module named jythink.wsgi
unable to load app 0 (mountpoint='') (callable not found or import error)
*** no app loaded. going in full dynamic mode ***
*** uWSGI is running in multiple interpreter mode ***
gracefully (RE)spawned uWSGI master process (pid: 27398)
spawned uWSGI worker 1 (pid: 27452, cores: 1)
spawned uWSGI worker 2 (pid: 27453, cores: 1)
spawned uWSGI http 1 (pid: 27454)
gateway "uWSGI http 1" has been buried (pid: 27454)
...brutally killing workers...
worker 1 buried after 1 seconds
worker 2 buried after 1 seconds
binary reloading uWSGI...
chdir() to /root/jythink/JYthink
closing all non-uwsgi socket fds > 2 (max_fd = 1024)...
found fd 6 mapped to socket 0 (/root/jythink/JYthink/script/uwsgi.sock)
running /usr/bin/uwsgi
[uWSGI] getting INI configuration from script/uwsgi9090.ini
*** Starting uWSGI 2.0.15 (64bit) on [Fri Dec 29 18:55:13 2017] ***
compiled with version: 4.8.5 20150623 (Red Hat 4.8.5-4) on 29 December 2017 00:48:50
os: Linux-3.10.0-327.el7.x86_64 #1 SMP Thu Nov 19 22:10:57 UTC 2015
nodename: linuxbuilding
machine: x86_64
clock source: unix
pcre jit disabled
detected number of CPU cores: 2
current working directory: /root/jythink/JYthink
detected binary path: /usr/bin/uwsgi
uWSGI running as root, you can use --uid/--gid/--chroot options
*** WARNING: you are running uWSGI as root !!! (use the --uid flag) *** 
chdir() to /root/jythink/JYthink/
your processes number limit is 7279
limiting address space of processes...
your process address space limit is 536870912 bytes (512 MB)
your memory page size is 4096 bytes
detected max file descriptor number: 1024
VirtualHosting mode enabled.
lock engine: pthread robust mutexes
thunder lock: disabled (you can enable it with --thunder-lock)
uWSGI http bound on 192.168.4.105:8080 fd 3
uwsgi socket 0 inherited UNIX address /root/jythink/JYthink/script/uwsgi.sock fd 6
Python version: 2.7.5 (default, Nov 20 2015, 02:00:19)  [GCC 4.8.5 20150623 (Red Hat 4.8.5-4)]
*** Python threads support is disabled. You can enable it with --enable-threads ***
Python main interpreter initialized at 0x114d070
your server socket listen backlog is limited to 100 connections
your mercy for graceful operations on workers is 60 seconds
mapped 296016 bytes (289 KB) for 2 cores
*** Operational MODE: preforking ***
ImportError: No module named jythink.wsgi
unable to load app 0 (mountpoint='') (callable not found or import error)
*** no app loaded. going in full dynamic mode ***
*** uWSGI is running in multiple interpreter mode ***
gracefully (RE)spawned uWSGI master process (pid: 27398)
spawned uWSGI worker 1 (pid: 27458, cores: 1)
spawned uWSGI worker 2 (pid: 27459, cores: 1)
spawned uWSGI http 1 (pid: 27460)
*** Starting uWSGI 2.0.15 (64bit) on [Fri Dec 29 19:00:15 2017] ***
compiled with version: 4.8.5 20150623 (Red Hat 4.8.5-4) on 29 December 2017 00:48:50
os: Linux-3.10.0-327.el7.x86_64 #1 SMP Thu Nov 19 22:10:57 UTC 2015
nodename: linuxbuilding
machine: x86_64
clock source: unix
pcre jit disabled
detected number of CPU cores: 2
current working directory: /root/jythink/JYthink/script
writing pidfile to /root/jythink/JYthink/script/uwsgi9090.pid
detected binary path: /usr/bin/uwsgi
uWSGI running as root, you can use --uid/--gid/--chroot options
*** WARNING: you are running uWSGI as root !!! (use the --uid flag) *** 
chdir() to /root/jythink/JYthink/jythink/
your processes number limit is 7279
limiting address space of processes...
your process address space limit is 536870912 bytes (512 MB)
your memory page size is 4096 bytes
detected max file descriptor number: 1024
VirtualHosting mode enabled.
lock engine: pthread robust mutexes
thunder lock: disabled (you can enable it with --thunder-lock)
uWSGI http bound on 192.168.4.105:8080 fd 3
uwsgi socket 0 bound to UNIX address /root/jythink/JYthink/script/uwsgi.sock fd 6
Python version: 2.7.5 (default, Nov 20 2015, 02:00:19)  [GCC 4.8.5 20150623 (Red Hat 4.8.5-4)]
*** Python threads support is disabled. You can enable it with --enable-threads ***
Python main interpreter initialized at 0x21131a0
your server socket listen backlog is limited to 100 connections
your mercy for graceful operations on workers is 60 seconds
mapped 296016 bytes (289 KB) for 2 cores
*** Operational MODE: preforking ***
Traceback (most recent call last):
  File "./jythink/wsgi.py", line 12, in <module>
    from django.core.wsgi import get_wsgi_application
ImportError: No module named django.core.wsgi
unable to load app 0 (mountpoint='') (callable not found or import error)
*** no app loaded. going in full dynamic mode ***
*** uWSGI is running in multiple interpreter mode ***
spawned uWSGI master process (pid: 27572)
spawned uWSGI worker 1 (pid: 27573, cores: 1)
spawned uWSGI worker 2 (pid: 27574, cores: 1)
spawned uWSGI http 1 (pid: 27575)
--- no python application found, check your startup logs for errors ---
192.168.4.105:8080 [pid: 27574|app: -1|req: -1/1] 10.8.1.58 () {40 vars in 703 bytes} [Fri Dec 29 19:00:23 2017] GET / => generated 21 bytes in 0 msecs (HTTP/1.1 500) 2 headers in 83 bytes (0 switches on core 0)
--- no python application found, check your startup logs for errors ---
192.168.4.105:8080 [pid: 27574|app: -1|req: -1/2] 10.8.1.58 () {40 vars in 703 bytes} [Fri Dec 29 19:01:08 2017] GET / => generated 21 bytes in 0 msecs (HTTP/1.1 500) 2 headers in 83 bytes (0 switches on core 0)
--- no python application found, check your startup logs for errors ---
192.168.4.105:8080 [pid: 27574|app: -1|req: -1/3] 10.8.1.58 () {40 vars in 703 bytes} [Fri Dec 29 19:01:09 2017] GET / => generated 21 bytes in 0 msecs (HTTP/1.1 500) 2 headers in 83 bytes (0 switches on core 0)
*** Starting uWSGI 2.0.15 (64bit) on [Fri Dec 29 19:08:29 2017] ***
compiled with version: 4.8.5 20150623 (Red Hat 4.8.5-4) on 29 December 2017 00:48:50
os: Linux-3.10.0-327.el7.x86_64 #1 SMP Thu Nov 19 22:10:57 UTC 2015
nodename: linuxbuilding
machine: x86_64
clock source: unix
pcre jit disabled
detected number of CPU cores: 2
current working directory: /root/jythink/JYthink/jythink
writing pidfile to /root/jythink/JYthink/script/uwsgi9090.pid
detected binary path: /usr/bin/uwsgi
uWSGI running as root, you can use --uid/--gid/--chroot options
*** WARNING: you are running uWSGI as root !!! (use the --uid flag) *** 
chdir() to /root/jythink/JYthink/jythink/
your processes number limit is 7279
limiting address space of processes...
your process address space limit is 536870912 bytes (512 MB)
your memory page size is 4096 bytes
detected max file descriptor number: 1024
VirtualHosting mode enabled.
lock engine: pthread robust mutexes
thunder lock: disabled (you can enable it with --thunder-lock)
uWSGI http bound on 192.168.4.105:8080 fd 3
uwsgi socket 0 bound to UNIX address /root/jythink/JYthink/script/uwsgi.sock fd 6
Python version: 2.7.5 (default, Nov 20 2015, 02:00:19)  [GCC 4.8.5 20150623 (Red Hat 4.8.5-4)]
*** Python threads support is disabled. You can enable it with --enable-threads ***
Python main interpreter initialized at 0xa5e1a0
your server socket listen backlog is limited to 100 connections
your mercy for graceful operations on workers is 60 seconds
mapped 296016 bytes (289 KB) for 2 cores
*** Operational MODE: preforking ***
Traceback (most recent call last):
  File "./jythink/wsgi.py", line 12, in <module>
    from django.core.wsgi import get_wsgi_application
ImportError: No module named django.core.wsgi
unable to load app 0 (mountpoint='') (callable not found or import error)
*** no app loaded. going in full dynamic mode ***
*** uWSGI is running in multiple interpreter mode ***
spawned uWSGI master process (pid: 27748)
spawned uWSGI worker 1 (pid: 27749, cores: 1)
spawned uWSGI worker 2 (pid: 27750, cores: 1)
spawned uWSGI http 1 (pid: 27751)
--- no python application found, check your startup logs for errors ---
192.168.4.105:8080 [pid: 27749|app: -1|req: -1/1] 10.8.1.58 () {40 vars in 703 bytes} [Fri Dec 29 19:09:10 2017] GET / => generated 21 bytes in 0 msecs (HTTP/1.1 500) 2 headers in 83 bytes (0 switches on core 0)
*** Starting uWSGI 2.0.15 (64bit) on [Fri Dec 29 19:12:26 2017] ***
compiled with version: 4.8.5 20150623 (Red Hat 4.8.5-4) on 29 December 2017 00:48:50
os: Linux-3.10.0-327.el7.x86_64 #1 SMP Thu Nov 19 22:10:57 UTC 2015
nodename: linuxbuilding
machine: x86_64
clock source: unix
pcre jit disabled
detected number of CPU cores: 2
current working directory: /root/jythink/JYthink/jythink
writing pidfile to /root/jythink/JYthink/script/uwsgi9090.pid
detected binary path: /usr/bin/uwsgi
uWSGI running as root, you can use --uid/--gid/--chroot options
*** WARNING: you are running uWSGI as root !!! (use the --uid flag) *** 
chdir() to /root/jythink/JYthink/jythink/
your processes number limit is 7279
limiting address space of processes...
your process address space limit is 536870912 bytes (512 MB)
your memory page size is 4096 bytes
detected max file descriptor number: 1024
VirtualHosting mode enabled.
lock engine: pthread robust mutexes
thunder lock: disabled (you can enable it with --thunder-lock)
uWSGI http bound on 192.168.4.105:8080 fd 3
uwsgi socket 0 bound to UNIX address /root/jythink/JYthink/script/uwsgi.sock fd 6
Python version: 2.7.5 (default, Nov 20 2015, 02:00:19)  [GCC 4.8.5 20150623 (Red Hat 4.8.5-4)]
*** Python threads support is disabled. You can enable it with --enable-threads ***
Python main interpreter initialized at 0x25ec1a0
your server socket listen backlog is limited to 100 connections
your mercy for graceful operations on workers is 60 seconds
mapped 296016 bytes (289 KB) for 2 cores
*** Operational MODE: preforking ***
WSGI app 0 (mountpoint='') ready in 1 seconds on interpreter 0x25ec1a0 pid: 27827 (default app)
*** uWSGI is running in multiple interpreter mode ***
spawned uWSGI master process (pid: 27827)
spawned uWSGI worker 1 (pid: 27834, cores: 1)
spawned uWSGI worker 2 (pid: 27835, cores: 1)
spawned uWSGI http 1 (pid: 27836)
192.168.4.105:8080 [pid: 27835|app: 0|req: 1/1] 10.8.1.58 () {40 vars in 703 bytes} [Fri Dec 29 11:12:39 2017] GET / => generated 1767 bytes in 21 msecs (HTTP/1.1 200) 2 headers in 73 bytes (1 switches on core 0)
192.168.4.105:8080 [pid: 27835|app: 0|req: 2/2] 10.8.1.58 () {38 vars in 655 bytes} [Fri Dec 29 13:46:17 2017] GET /favicon.ico => generated 1941 bytes in 5 msecs (HTTP/1.1 404) 2 headers in 80 bytes (1 switches on core 0)
*** Starting uWSGI 2.0.15 (64bit) on [Fri Dec 29 23:47:35 2017] ***
compiled with version: 4.8.5 20150623 (Red Hat 4.8.5-4) on 29 December 2017 00:48:50
os: Linux-3.10.0-327.el7.x86_64 #1 SMP Thu Nov 19 22:10:57 UTC 2015
nodename: linuxbuilding
machine: x86_64
clock source: unix
pcre jit disabled
detected number of CPU cores: 2
current working directory: /root/jythink/JYthink/script
writing pidfile to /root/jythink/JYthink/script/uwsgi9090.pid
detected binary path: /usr/bin/uwsgi
*** WARNING: you are running uWSGI as root !!! (use the --uid flag) *** 
chdir() to /root/jythink/JYthink/jythink/
your processes number limit is 7279
limiting address space of processes...
your process address space limit is 536870912 bytes (512 MB)
your memory page size is 4096 bytes
detected max file descriptor number: 1024
VirtualHosting mode enabled.
lock engine: pthread robust mutexes
thunder lock: disabled (you can enable it with --thunder-lock)
uWSGI http bound on 192.168.4.105:8080 fd 3
uwsgi socket 0 bound to UNIX address /root/jythink/JYthink/script/uwsgi.sock fd 6
Python version: 2.7.5 (default, Nov 20 2015, 02:00:19)  [GCC 4.8.5 20150623 (Red Hat 4.8.5-4)]
*** Python threads support is disabled. You can enable it with --enable-threads ***
Python main interpreter initialized at 0x2161ad0
your server socket listen backlog is limited to 100 connections
your mercy for graceful operations on workers is 60 seconds
mapped 296016 bytes (289 KB) for 2 cores
*** Operational MODE: preforking ***
WSGI app 0 (mountpoint='') ready in 1 seconds on interpreter 0x2161ad0 pid: 861 (default app)
*** uWSGI is running in multiple interpreter mode ***
spawned uWSGI master process (pid: 861)
spawned uWSGI worker 1 (pid: 868, cores: 1)
spawned uWSGI worker 2 (pid: 869, cores: 1)
spawned uWSGI http 1 (pid: 870)
*** Starting uWSGI 2.0.15 (64bit) on [Fri Dec 29 23:52:24 2017] ***
compiled with version: 4.8.5 20150623 (Red Hat 4.8.5-4) on 29 December 2017 00:48:50
os: Linux-3.10.0-327.el7.x86_64 #1 SMP Thu Nov 19 22:10:57 UTC 2015
nodename: linuxbuilding
machine: x86_64
clock source: unix
pcre jit disabled
detected number of CPU cores: 2
current working directory: /root/jythink/JYthink/script
writing pidfile to /root/jythink/JYthink/script/uwsgi9090.pid
detected binary path: /usr/bin/uwsgi
*** WARNING: you are running uWSGI as root !!! (use the --uid flag) *** 
chdir() to /root/jythink/JYthink/jythink/
your processes number limit is 7279
limiting address space of processes...
your process address space limit is 536870912 bytes (512 MB)
your memory page size is 4096 bytes
detected max file descriptor number: 1024
VirtualHosting mode enabled.
lock engine: pthread robust mutexes
thunder lock: disabled (you can enable it with --thunder-lock)
uWSGI http bound on 192.168.4.105:8080 fd 3
uwsgi socket 0 bound to UNIX address /root/jythink/JYthink/script/uwsgi.sock fd 6
Python version: 2.7.5 (default, Nov 20 2015, 02:00:19)  [GCC 4.8.5 20150623 (Red Hat 4.8.5-4)]
*** Python threads support is disabled. You can enable it with --enable-threads ***
Python main interpreter initialized at 0x1aecad0
your server socket listen backlog is limited to 100 connections
your mercy for graceful operations on workers is 60 seconds
mapped 296016 bytes (289 KB) for 2 cores
*** Operational MODE: preforking ***
WSGI app 0 (mountpoint='') ready in 1 seconds on interpreter 0x1aecad0 pid: 982 (default app)
*** uWSGI is running in multiple interpreter mode ***
spawned uWSGI master process (pid: 982)
spawned uWSGI worker 1 (pid: 991, cores: 1)
spawned uWSGI worker 2 (pid: 992, cores: 1)
spawned uWSGI http 1 (pid: 993)
*** Starting uWSGI 2.0.15 (64bit) on [Sat Dec 30 00:28:39 2017] ***
compiled with version: 4.8.5 20150623 (Red Hat 4.8.5-4) on 29 December 2017 00:48:50
os: Linux-3.10.0-327.el7.x86_64 #1 SMP Thu Nov 19 22:10:57 UTC 2015
nodename: linuxbuilding
machine: x86_64
clock source: unix
pcre jit disabled
detected number of CPU cores: 2
current working directory: /root/jythink/JYthink/script
writing pidfile to /root/jythink/JYthink/script/uwsgi9090.pid
detected binary path: /usr/bin/uwsgi
chdir() to /root/jythink/JYthink/jythink/
your processes number limit is 7279
limiting address space of processes...
your process address space limit is 536870912 bytes (512 MB)
your memory page size is 4096 bytes
detected max file descriptor number: 1024
VirtualHosting mode enabled.
lock engine: pthread robust mutexes
thunder lock: disabled (you can enable it with --thunder-lock)
uWSGI http bound on 192.168.4.105:8080 fd 3
unable to find user www-data
